17:08:41 **** Build of configuration Debug for project 103rc ****
make -j4 all 
arm-none-eabi-gcc "../Drivers/STM32F1xx_HAL_Driver/Src/stm32f1xx_hal.c" -mcpu=cortex-m3 -std=gnu11 -g3 -DDEBUG -DUSE_HAL_DRIVER -DSTM32F103xE -c -I../Core/Inc -I../Drivers/STM32F1xx_HAL_Driver/Inc/Legacy -I../Drivers/STM32F1xx_HAL_Driver/Inc -I../Drivers/CMSIS/Device/ST/STM32F1xx/Include -I../Drivers/CMSIS/Include -O0 -ffunction-sections -fdata-sections -Wall -fstack-usage -MMD -MP -MF"Drivers/STM32F1xx_HAL_Driver/Src/stm32f1xx_hal.d" -MT"Drivers/STM32F1xx_HAL_Driver/Src/stm32f1xx_hal.o" --specs=nano.specs -mfloat-abi=soft -mthumb -o "Drivers/STM32F1xx_HAL_Driver/Src/stm32f1xx_hal.o"
arm-none-eabi-gcc "../Drivers/STM32F1xx_HAL_Driver/Src/stm32f1xx_hal_cortex.c" -mcpu=cortex-m3 -std=gnu11 -g3 -DDEBUG -DUSE_HAL_DRIVER -DSTM32F103xE -c -I../Core/Inc -I../Drivers/STM32F1xx_HAL_Driver/Inc/Legacy -I../Drivers/STM32F1xx_HAL_Driver/Inc -I../Drivers/CMSIS/Device/ST/STM32F1xx/Include -I../Drivers/CMSIS/Include -O0 -ffunction-sections -fdata-sections -Wall -fstack-usage -MMD -MP -MF"Drivers/STM32F1xx_HAL_Driver/Src/stm32f1xx_hal_cortex.d" -MT"Drivers/STM32F1xx_HAL_Driver/Src/stm32f1xx_hal_cortex.o" --specs=nano.specs -mfloat-abi=soft -mthumb -o "Drivers/STM32F1xx_HAL_Driver/Src/stm32f1xx_hal_cortex.o"
arm-none-eabi-gcc "../Drivers/STM32F1xx_HAL_Driver/Src/stm32f1xx_hal_dma.c" -mcpu=cortex-m3 -std=gnu11 -g3 -DDEBUG -DUSE_HAL_DRIVER -DSTM32F103xE -c -I../Core/Inc -I../Drivers/STM32F1xx_HAL_Driver/Inc/Legacy -I../Drivers/STM32F1xx_HAL_Driver/Inc -I../Drivers/CMSIS/Device/ST/STM32F1xx/Include -I../Drivers/CMSIS/Include -O0 -ffunction-sections -fdata-sections -Wall -fstack-usage -MMD -MP -MF"Drivers/STM32F1xx_HAL_Driver/Src/stm32f1xx_hal_dma.d" -MT"Drivers/STM32F1xx_HAL_Driver/Src/stm32f1xx_hal_dma.o" --specs=nano.specs -mfloat-abi=soft -mthumb -o "Drivers/STM32F1xx_HAL_Driver/Src/stm32f1xx_hal_dma.o"
arm-none-eabi-gcc "../Drivers/STM32F1xx_HAL_Driver/Src/stm32f1xx_hal_exti.c" -mcpu=cortex-m3 -std=gnu11 -g3 -DDEBUG -DUSE_HAL_DRIVER -DSTM32F103xE -c -I../Core/Inc -I../Drivers/STM32F1xx_HAL_Driver/Inc/Legacy -I../Drivers/STM32F1xx_HAL_Driver/Inc -I../Drivers/CMSIS/Device/ST/STM32F1xx/Include -I../Drivers/CMSIS/Include -O0 -ffunction-sections -fdata-sections -Wall -fstack-usage -MMD -MP -MF"Drivers/STM32F1xx_HAL_Driver/Src/stm32f1xx_hal_exti.d" -MT"Drivers/STM32F1xx_HAL_Driver/Src/stm32f1xx_hal_exti.o" --specs=nano.specs -mfloat-abi=soft -mthumb -o "Drivers/STM32F1xx_HAL_Driver/Src/stm32f1xx_hal_exti.o"
arm-none-eabi-gcc "../Drivers/STM32F1xx_HAL_Driver/Src/stm32f1xx_hal_flash.c" -mcpu=cortex-m3 -std=gnu11 -g3 -DDEBUG -DUSE_HAL_DRIVER -DSTM32F103xE -c -I../Core/Inc -I../Drivers/STM32F1xx_HAL_Driver/Inc/Legacy -I../Drivers/STM32F1xx_HAL_Driver/Inc -I../Drivers/CMSIS/Device/ST/STM32F1xx/Include -I../Drivers/CMSIS/Include -O0 -ffunction-sections -fdata-sections -Wall -fstack-usage -MMD -MP -MF"Drivers/STM32F1xx_HAL_Driver/Src/stm32f1xx_hal_flash.d" -MT"Drivers/STM32F1xx_HAL_Driver/Src/stm32f1xx_hal_flash.o" --specs=nano.specs -mfloat-abi=soft -mthumb -o "Drivers/STM32F1xx_HAL_Driver/Src/stm32f1xx_hal_flash.o"
arm-none-eabi-gcc "../Drivers/STM32F1xx_HAL_Driver/Src/stm32f1xx_hal_flash_ex.c" -mcpu=cortex-m3 -std=gnu11 -g3 -DDEBUG -DUSE_HAL_DRIVER -DSTM32F103xE -c -I../Core/Inc -I../Drivers/STM32F1xx_HAL_Driver/Inc/Legacy -I../Drivers/STM32F1xx_HAL_Driver/Inc -I../Drivers/CMSIS/Device/ST/STM32F1xx/Include -I../Drivers/CMSIS/Include -O0 -ffunction-sections -fdata-sections -Wall -fstack-usage -MMD -MP -MF"Drivers/STM32F1xx_HAL_Driver/Src/stm32f1xx_hal_flash_ex.d" -MT"Drivers/STM32F1xx_HAL_Driver/Src/stm32f1xx_hal_flash_ex.o" --specs=nano.specs -mfloat-abi=soft -mthumb -o "Drivers/STM32F1xx_HAL_Driver/Src/stm32f1xx_hal_flash_ex.o"
arm-none-eabi-gcc "../Drivers/STM32F1xx_HAL_Driver/Src/stm32f1xx_hal_gpio.c" -mcpu=cortex-m3 -std=gnu11 -g3 -DDEBUG -DUSE_HAL_DRIVER -DSTM32F103xE -c -I../Core/Inc -I../Drivers/STM32F1xx_HAL_Driver/Inc/Legacy -I../Drivers/STM32F1xx_HAL_Driver/Inc -I../Drivers/CMSIS/Device/ST/STM32F1xx/Include -I../Drivers/CMSIS/Include -O0 -ffunction-sections -fdata-sections -Wall -fstack-usage -MMD -MP -MF"Drivers/STM32F1xx_HAL_Driver/Src/stm32f1xx_hal_gpio.d" -MT"Drivers/STM32F1xx_HAL_Driver/Src/stm32f1xx_hal_gpio.o" --specs=nano.specs -mfloat-abi=soft -mthumb -o "Drivers/STM32F1xx_HAL_Driver/Src/stm32f1xx_hal_gpio.o"
arm-none-eabi-gcc "../Drivers/STM32F1xx_HAL_Driver/Src/stm32f1xx_hal_gpio_ex.c" -mcpu=cortex-m3 -std=gnu11 -g3 -DDEBUG -DUSE_HAL_DRIVER -DSTM32F103xE -c -I../Core/Inc -I../Drivers/STM32F1xx_HAL_Driver/Inc/Legacy -I../Drivers/STM32F1xx_HAL_Driver/Inc -I../Drivers/CMSIS/Device/ST/STM32F1xx/Include -I../Drivers/CMSIS/Include -O0 -ffunction-sections -fdata-sections -Wall -fstack-usage -MMD -MP -MF"Drivers/STM32F1xx_HAL_Driver/Src/stm32f1xx_hal_gpio_ex.d" -MT"Drivers/STM32F1xx_HAL_Driver/Src/stm32f1xx_hal_gpio_ex.o" --specs=nano.specs -mfloat-abi=soft -mthumb -o "Drivers/STM32F1xx_HAL_Driver/Src/stm32f1xx_hal_gpio_ex.o"
arm-none-eabi-gcc "../Drivers/STM32F1xx_HAL_Driver/Src/stm32f1xx_hal_pwr.c" -mcpu=cortex-m3 -std=gnu11 -g3 -DDEBUG -DUSE_HAL_DRIVER -DSTM32F103xE -c -I../Core/Inc -I../Drivers/STM32F1xx_HAL_Driver/Inc/Legacy -I../Drivers/STM32F1xx_HAL_Driver/Inc -I../Drivers/CMSIS/Device/ST/STM32F1xx/Include -I../Drivers/CMSIS/Include -O0 -ffunction-sections -fdata-sections -Wall -fstack-usage -MMD -MP -MF"Drivers/STM32F1xx_HAL_Driver/Src/stm32f1xx_hal_pwr.d" -MT"Drivers/STM32F1xx_HAL_Driver/Src/stm32f1xx_hal_pwr.o" --specs=nano.specs -mfloat-abi=soft -mthumb -o "Drivers/STM32F1xx_HAL_Driver/Src/stm32f1xx_hal_pwr.o"
arm-none-eabi-gcc "../Drivers/STM32F1xx_HAL_Driver/Src/stm32f1xx_hal_rcc.c" -mcpu=cortex-m3 -std=gnu11 -g3 -DDEBUG -DUSE_HAL_DRIVER -DSTM32F103xE -c -I../Core/Inc -I../Drivers/STM32F1xx_HAL_Driver/Inc/Legacy -I../Drivers/STM32F1xx_HAL_Driver/Inc -I../Drivers/CMSIS/Device/ST/STM32F1xx/Include -I../Drivers/CMSIS/Include -O0 -ffunction-sections -fdata-sections -Wall -fstack-usage -MMD -MP -MF"Drivers/STM32F1xx_HAL_Driver/Src/stm32f1xx_hal_rcc.d" -MT"Drivers/STM32F1xx_HAL_Driver/Src/stm32f1xx_hal_rcc.o" --specs=nano.specs -mfloat-abi=soft -mthumb -o "Drivers/STM32F1xx_HAL_Driver/Src/stm32f1xx_hal_rcc.o"
arm-none-eabi-gcc "../Drivers/STM32F1xx_HAL_Driver/Src/stm32f1xx_hal_rcc_ex.c" -mcpu=cortex-m3 -std=gnu11 -g3 -DDEBUG -DUSE_HAL_DRIVER -DSTM32F103xE -c -I../Core/Inc -I../Drivers/STM32F1xx_HAL_Driver/Inc/Legacy -I../Drivers/STM32F1xx_HAL_Driver/Inc -I../Drivers/CMSIS/Device/ST/STM32F1xx/Include -I../Drivers/CMSIS/Include -O0 -ffunction-sections -fdata-sections -Wall -fstack-usage -MMD -MP -MF"Drivers/STM32F1xx_HAL_Driver/Src/stm32f1xx_hal_rcc_ex.d" -MT"Drivers/STM32F1xx_HAL_Driver/Src/stm32f1xx_hal_rcc_ex.o" --specs=nano.specs -mfloat-abi=soft -mthumb -o "Drivers/STM32F1xx_HAL_Driver/Src/stm32f1xx_hal_rcc_ex.o"
arm-none-eabi-gcc "../Drivers/STM32F1xx_HAL_Driver/Src/stm32f1xx_hal_tim.c" -mcpu=cortex-m3 -std=gnu11 -g3 -DDEBUG -DUSE_HAL_DRIVER -DSTM32F103xE -c -I../Core/Inc -I../Drivers/STM32F1xx_HAL_Driver/Inc/Legacy -I../Drivers/STM32F1xx_HAL_Driver/Inc -I../Drivers/CMSIS/Device/ST/STM32F1xx/Include -I../Drivers/CMSIS/Include -O0 -ffunction-sections -fdata-sections -Wall -fstack-usage -MMD -MP -MF"Drivers/STM32F1xx_HAL_Driver/Src/stm32f1xx_hal_tim.d" -MT"Drivers/STM32F1xx_HAL_Driver/Src/stm32f1xx_hal_tim.o" --specs=nano.specs -mfloat-abi=soft -mthumb -o "Drivers/STM32F1xx_HAL_Driver/Src/stm32f1xx_hal_tim.o"
arm-none-eabi-gcc "../Drivers/STM32F1xx_HAL_Driver/Src/stm32f1xx_hal_tim_ex.c" -mcpu=cortex-m3 -std=gnu11 -g3 -DDEBUG -DUSE_HAL_DRIVER -DSTM32F103xE -c -I../Core/Inc -I../Drivers/STM32F1xx_HAL_Driver/Inc/Legacy -I../Drivers/STM32F1xx_HAL_Driver/Inc -I../Drivers/CMSIS/Device/ST/STM32F1xx/Include -I../Drivers/CMSIS/Include -O0 -ffunction-sections -fdata-sections -Wall -fstack-usage -MMD -MP -MF"Drivers/STM32F1xx_HAL_Driver/Src/stm32f1xx_hal_tim_ex.d" -MT"Drivers/STM32F1xx_HAL_Driver/Src/stm32f1xx_hal_tim_ex.o" --specs=nano.specs -mfloat-abi=soft -mthumb -o "Drivers/STM32F1xx_HAL_Driver/Src/stm32f1xx_hal_tim_ex.o"
arm-none-eabi-gcc -mcpu=cortex-m3 -g3 -DDEBUG -c -x assembler-with-cpp -MMD -MP -MF"Core/Startup/startup_stm32f103rctx.d" -MT"Core/Startup/startup_stm32f103rctx.o" --specs=nano.specs -mfloat-abi=soft -mthumb -o "Core/Startup/startup_stm32f103rctx.o" "../Core/Startup/startup_stm32f103rctx.s"
arm-none-eabi-gcc "../Core/Src/ledma.c" -mcpu=cortex-m3 -std=gnu11 -g3 -DDEBUG -DUSE_HAL_DRIVER -DSTM32F103xE -c -I../Core/Inc -I../Drivers/STM32F1xx_HAL_Driver/Inc/Legacy -I../Drivers/STM32F1xx_HAL_Driver/Inc -I../Drivers/CMSIS/Device/ST/STM32F1xx/Include -I../Drivers/CMSIS/Include -O0 -ffunction-sections -fdata-sections -Wall -fstack-usage -MMD -MP -MF"Core/Src/ledma.d" -MT"Core/Src/ledma.o" --specs=nano.specs -mfloat-abi=soft -mthumb -o "Core/Src/ledma.o"
arm-none-eabi-gcc "../Core/Src/main.c" -mcpu=cortex-m3 -std=gnu11 -g3 -DDEBUG -DUSE_HAL_DRIVER -DSTM32F103xE -c -I../Core/Inc -I../Drivers/STM32F1xx_HAL_Driver/Inc/Legacy -I../Drivers/STM32F1xx_HAL_Driver/Inc -I../Drivers/CMSIS/Device/ST/STM32F1xx/Include -I../Drivers/CMSIS/Include -O0 -ffunction-sections -fdata-sections -Wall -fstack-usage -MMD -MP -MF"Core/Src/main.d" -MT"Core/Src/main.o" --specs=nano.specs -mfloat-abi=soft -mthumb -o "Core/Src/main.o"
../Core/Src/ledma.c: In function 'ledma_init':
../Core/Src/ledma.c:74:23: error: 'ENM0_Pin' undeclared (first use in this function)
   74 |                       ENM0_Pin | ENM1_Pin | ENM2_Pin | ENM3_Pin | ENM4_Pin | ENM5_Pin | ENM6_Pin | ENM7_Pin,
      |                       ^~~~~~~~
../Core/Src/ledma.c:74:23: note: each undeclared identifier is reported only once for each function it appears in
../Core/Src/ledma.c:74:34: error: 'ENM1_Pin' undeclared (first use in this function)
   74 |                       ENM0_Pin | ENM1_Pin | ENM2_Pin | ENM3_Pin | ENM4_Pin | ENM5_Pin | ENM6_Pin | ENM7_Pin,
      |                                  ^~~~~~~~
../Core/Src/ledma.c:74:45: error: 'ENM2_Pin' undeclared (first use in this function)
   74 |                       ENM0_Pin | ENM1_Pin | ENM2_Pin | ENM3_Pin | ENM4_Pin | ENM5_Pin | ENM6_Pin | ENM7_Pin,
      |                                             ^~~~~~~~
../Core/Src/ledma.c:74:56: error: 'ENM3_Pin' undeclared (first use in this function)
   74 |                       ENM0_Pin | ENM1_Pin | ENM2_Pin | ENM3_Pin | ENM4_Pin | ENM5_Pin | ENM6_Pin | ENM7_Pin,
      |                                                        ^~~~~~~~
../Core/Src/ledma.c:74:67: error: 'ENM4_Pin' undeclared (first use in this function)
   74 |                       ENM0_Pin | ENM1_Pin | ENM2_Pin | ENM3_Pin | ENM4_Pin | ENM5_Pin | ENM6_Pin | ENM7_Pin,
      |                                                                   ^~~~~~~~
../Core/Src/ledma.c:74:78: error: 'ENM5_Pin' undeclared (first use in this function)
   74 |                       ENM0_Pin | ENM1_Pin | ENM2_Pin | ENM3_Pin | ENM4_Pin | ENM5_Pin | ENM6_Pin | ENM7_Pin,
      |                                                                              ^~~~~~~~
../Core/Src/ledma.c:74:89: error: 'ENM6_Pin' undeclared (first use in this function)
   74 |                       ENM0_Pin | ENM1_Pin | ENM2_Pin | ENM3_Pin | ENM4_Pin | ENM5_Pin | ENM6_Pin | ENM7_Pin,
      |                                                                                         ^~~~~~~~
../Core/Src/ledma.c:74:100: error: 'ENM7_Pin' undeclared (first use in this function)
   74 |                       ENM0_Pin | ENM1_Pin | ENM2_Pin | ENM3_Pin | ENM4_Pin | ENM5_Pin | ENM6_Pin | ENM7_Pin,
      |                                                                                                    ^~~~~~~~
../Core/Src/ledma.c:77:23: error: 'ROW0_Pin' undeclared (first use in this function)
   77 |                       ROW0_Pin | ROW1_Pin | ROW2_Pin | ROW3_Pin | ROW4_Pin | ROW5_Pin | ROW6_Pin | ROW7_Pin,
      |                       ^~~~~~~~
../Core/Src/ledma.c:77:34: error: 'ROW1_Pin' undeclared (first use in this function)
   77 |                       ROW0_Pin | ROW1_Pin | ROW2_Pin | ROW3_Pin | ROW4_Pin | ROW5_Pin | ROW6_Pin | ROW7_Pin,
      |                                  ^~~~~~~~
../Core/Src/ledma.c:77:45: error: 'ROW2_Pin' undeclared (first use in this function)
   77 |                       ROW0_Pin | ROW1_Pin | ROW2_Pin | ROW3_Pin | ROW4_Pin | ROW5_Pin | ROW6_Pin | ROW7_Pin,
      |                                             ^~~~~~~~
../Core/Src/ledma.c:77:56: error: 'ROW3_Pin' undeclared (first use in this function)
   77 |                       ROW0_Pin | ROW1_Pin | ROW2_Pin | ROW3_Pin | ROW4_Pin | ROW5_Pin | ROW6_Pin | ROW7_Pin,
      |                                                        ^~~~~~~~
../Core/Src/ledma.c:77:67: error: 'ROW4_Pin' undeclared (first use in this function)
   77 |                       ROW0_Pin | ROW1_Pin | ROW2_Pin | ROW3_Pin | ROW4_Pin | ROW5_Pin | ROW6_Pin | ROW7_Pin,
      |                                                                   ^~~~~~~~
../Core/Src/ledma.c:77:78: error: 'ROW5_Pin' undeclared (first use in this function)
   77 |                       ROW0_Pin | ROW1_Pin | ROW2_Pin | ROW3_Pin | ROW4_Pin | ROW5_Pin | ROW6_Pin | ROW7_Pin,
      |                                                                              ^~~~~~~~
../Core/Src/ledma.c:77:89: error: 'ROW6_Pin' undeclared (first use in this function)
   77 |                       ROW0_Pin | ROW1_Pin | ROW2_Pin | ROW3_Pin | ROW4_Pin | ROW5_Pin | ROW6_Pin | ROW7_Pin,
      |                                                                                         ^~~~~~~~
../Core/Src/ledma.c:77:100: error: 'ROW7_Pin' undeclared (first use in this function)
   77 |                       ROW0_Pin | ROW1_Pin | ROW2_Pin | ROW3_Pin | ROW4_Pin | ROW5_Pin | ROW6_Pin | ROW7_Pin,
      |                                                                                                    ^~~~~~~~
../Core/Src/ledma.c: In function 'row':
../Core/Src/ledma.c:84:23: error: 'ROW0_Pin' undeclared (first use in this function)
   84 |                       ROW0_Pin | ROW1_Pin | ROW2_Pin | ROW3_Pin | ROW4_Pin | ROW5_Pin | ROW6_Pin | ROW7_Pin,
      |                       ^~~~~~~~
../Core/Src/ledma.c:84:34: error: 'ROW1_Pin' undeclared (first use in this function)
   84 |                       ROW0_Pin | ROW1_Pin | ROW2_Pin | ROW3_Pin | ROW4_Pin | ROW5_Pin | ROW6_Pin | ROW7_Pin,
      |                                  ^~~~~~~~
../Core/Src/ledma.c:84:45: error: 'ROW2_Pin' undeclared (first use in this function)
   84 |                       ROW0_Pin | ROW1_Pin | ROW2_Pin | ROW3_Pin | ROW4_Pin | ROW5_Pin | ROW6_Pin | ROW7_Pin,
      |                                             ^~~~~~~~
../Core/Src/ledma.c:84:56: error: 'ROW3_Pin' undeclared (first use in this function)
arm-none-eabi-gcc "../Core/Src/stm32f1xx_hal_msp.c" -mcpu=cortex-m3 -std=gnu11 -g3 -DDEBUG -DUSE_HAL_DRIVER -DSTM32F103xE -c -I../Core/Inc -I../Drivers/STM32F1xx_HAL_Driver/Inc/Legacy -I../Drivers/STM32F1xx_HAL_Driver/Inc -I../Drivers/CMSIS/Device/ST/STM32F1xx/Include -I../Drivers/CMSIS/Include -O0 -ffunction-sections -fdata-sections -Wall -fstack-usage -MMD -MP -MF"Core/Src/stm32f1xx_hal_msp.d" -MT"Core/Src/stm32f1xx_hal_msp.o" --specs=nano.specs -mfloat-abi=soft -mthumb -o "Core/Src/stm32f1xx_hal_msp.o"
   84 |                       ROW0_Pin | ROW1_Pin | ROW2_Pin | ROW3_Pin | ROW4_Pin | ROW5_Pin | ROW6_Pin | ROW7_Pin,
      |                                                        ^~~~~~~~
../Core/Src/ledma.c:84:67: error: 'ROW4_Pin' undeclared (first use in this function)
   84 |                       ROW0_Pin | ROW1_Pin | ROW2_Pin | ROW3_Pin | ROW4_Pin | ROW5_Pin | ROW6_Pin | ROW7_Pin,
      |                                                                   ^~~~~~~~
../Core/Src/ledma.c:84:78: error: 'ROW5_Pin' undeclared (first use in this function)
   84 |                       ROW0_Pin | ROW1_Pin | ROW2_Pin | ROW3_Pin | ROW4_Pin | ROW5_Pin | ROW6_Pin | ROW7_Pin,
      |                                                                              ^~~~~~~~
../Core/Src/ledma.c:84:89: error: 'ROW6_Pin' undeclared (first use in this function)
   84 |                       ROW0_Pin | ROW1_Pin | ROW2_Pin | ROW3_Pin | ROW4_Pin | ROW5_Pin | ROW6_Pin | ROW7_Pin,
      |                                                                                         ^~~~~~~~
../Core/Src/ledma.c:84:100: error: 'ROW7_Pin' undeclared (first use in this function)
   84 |                       ROW0_Pin | ROW1_Pin | ROW2_Pin | ROW3_Pin | ROW4_Pin | ROW5_Pin | ROW6_Pin | ROW7_Pin,
      |                                                                                                    ^~~~~~~~
../Core/Src/ledma.c: In function 'updateLEDMatrix':
../Core/Src/ledma.c:109:30: error: 'ENM0_Pin' undeclared (first use in this function)
  109 |     HAL_GPIO_WritePin(GPIOA, ENM0_Pin, (pattern[count] & 0x01) ? GPIO_PIN_SET : GPIO_PIN_RESET);
      |                              ^~~~~~~~
../Core/Src/ledma.c:110:30: error: 'ENM1_Pin' undeclared (first use in this function)
  110 |     HAL_GPIO_WritePin(GPIOA, ENM1_Pin, (pattern[count] & 0x02) ? GPIO_PIN_SET : GPIO_PIN_RESET);
      |                              ^~~~~~~~
../Core/Src/ledma.c:111:30: error: 'ENM2_Pin' undeclared (first use in this function)
  111 |     HAL_GPIO_WritePin(GPIOA, ENM2_Pin, (pattern[count] & 0x04) ? GPIO_PIN_SET : GPIO_PIN_RESET);
      |                              ^~~~~~~~
../Core/Src/ledma.c:112:30: error: 'ENM3_Pin' undeclared (first use in this function)
  112 |     HAL_GPIO_WritePin(GPIOA, ENM3_Pin, (pattern[count] & 0x08) ? GPIO_PIN_SET : GPIO_PIN_RESET);
      |                              ^~~~~~~~
../Core/Src/ledma.c:113:30: error: 'ENM4_Pin' undeclared (first use in this function)
  113 |     HAL_GPIO_WritePin(GPIOA, ENM4_Pin, (pattern[count] & 0x10) ? GPIO_PIN_SET : GPIO_PIN_RESET);
      |                              ^~~~~~~~
../Core/Src/ledma.c:114:30: error: 'ENM5_Pin' undeclared (first use in this function)
  114 |     HAL_GPIO_WritePin(GPIOA, ENM5_Pin, (pattern[count] & 0x20) ? GPIO_PIN_SET : GPIO_PIN_RESET);
      |                              ^~~~~~~~
../Core/Src/ledma.c:115:30: error: 'ENM6_Pin' undeclared (first use in this function)
  115 |     HAL_GPIO_WritePin(GPIOA, ENM6_Pin, (pattern[count] & 0x40) ? GPIO_PIN_SET : GPIO_PIN_RESET);
      |                              ^~~~~~~~
../Core/Src/ledma.c:116:30: error: 'ENM7_Pin' undeclared (first use in this function)
  116 |     HAL_GPIO_WritePin(GPIOA, ENM7_Pin, (pattern[count] & 0x80) ? GPIO_PIN_SET : GPIO_PIN_RESET);
      |                              ^~~~~~~~
make: *** [Core/Src/subdir.mk:37: Core/Src/ledma.o] Error 1
make: *** Waiting for unfinished jobs....
"make -j4 all" terminated with exit code 2. Build might be incomplete.

17:08:45 Build Failed. 34 errors, 0 warnings. (took 4s.80ms)

